2026-01-12 10:17:42.182 [info] CLI main {"_":[],"diff":false,"merge":false,"add":false,"remove":false,"goto":false,"new-window":false,"reuse-window":false,"wait":false,"help":false,"list-extensions":false,"show-versions":false,"install-extension":["ms-python.python"],"pre-release":false,"update-extensions":false,"version":false,"verbose":false,"status":false,"prof-startup":false,"no-cached-data":false,"prof-v8-extensions":false,"disable-extensions":false,"disable-lcd-text":false,"disable-gpu":false,"disable-chromium-sandbox":false,"sandbox":false,"telemetry":false,"debugRenderer":false,"enable-smoke-test-driver":false,"logExtensionHostCommunication":false,"skip-release-notes":false,"skip-welcome":false,"disable-telemetry":false,"disable-updates":false,"transient":false,"use-inmemory-secretstorage":false,"disable-workspace-trust":false,"disable-crash-reporter":false,"skip-add-to-recently-opened":false,"open-url":false,"file-write":false,"file-chmod":false,"force":true,"do-not-sync":false,"do-not-include-pack-dependencies":false,"trace":false,"trace-memory-infra":false,"preserve-env":false,"force-user-env":false,"force-disable-user-env":false,"open-devtools":false,"disable-gpu-sandbox":false,"__enable-file-policy":false,"enable-coi":false,"enable-rdp-display-tracking":false,"disable-layout-restore":false,"disable-experiments":false,"no-proxy-server":false,"no-sandbox":false,"nolazy":false,"force-renderer-accessibility":false,"ignore-certificate-errors":false,"allow-insecure-localhost":false,"disable-dev-shm-usage":false,"profile-temp":false,"logsPath":"/home/procurement-frontend/.config/Code/logs/20260112T101742"}
2026-01-12 10:17:42.652 [info] Getting Manifest... ms-python.python
2026-01-12 10:17:42.674 [info] Installing extension: ms-python.python {"isMachineScoped":false,"installPreReleaseVersion":false,"donotIncludePackAndDependencies":false,"profileLocation":{"$mid":1,"external":"vscode-userdata:/home/procurement-frontend/.vscode/extensions/extensions.json","path":"/home/procurement-frontend/.vscode/extensions/extensions.json","scheme":"vscode-userdata"},"isBuiltin":false,"installGivenVersion":false,"isApplicationScoped":false,"productVersion":{"version":"1.108.0","date":"2026-01-08T13:53:10.781Z"}}
2026-01-12 10:17:42.775 [info] Getting Manifest... ms-python.vscode-pylance
2026-01-12 10:17:42.804 [info] Getting Manifest... ms-python.vscode-python-envs
2026-01-12 10:17:42.822 [info] Getting Manifest... ms-python.debugpy
2026-01-12 10:17:42.839 [info] Installing extension: ms-python.vscode-pylance {"isMachineScoped":false,"installPreReleaseVersion":false,"donotIncludePackAndDependencies":false,"profileLocation":{"$mid":1,"external":"vscode-userdata:/home/procurement-frontend/.vscode/extensions/extensions.json","path":"/home/procurement-frontend/.vscode/extensions/extensions.json","scheme":"vscode-userdata"},"isBuiltin":false,"installGivenVersion":false,"isApplicationScoped":false,"productVersion":{"version":"1.108.0","date":"2026-01-08T13:53:10.781Z"},"pinned":false,"context":{"dependecyOrPackExtensionInstall":true}}
2026-01-12 10:17:42.839 [info] Installing extension: ms-python.vscode-python-envs {"isMachineScoped":false,"installPreReleaseVersion":false,"donotIncludePackAndDependencies":false,"profileLocation":{"$mid":1,"external":"vscode-userdata:/home/procurement-frontend/.vscode/extensions/extensions.json","path":"/home/procurement-frontend/.vscode/extensions/extensions.json","scheme":"vscode-userdata"},"isBuiltin":false,"installGivenVersion":false,"isApplicationScoped":false,"productVersion":{"version":"1.108.0","date":"2026-01-08T13:53:10.781Z"},"pinned":false,"context":{"dependecyOrPackExtensionInstall":true}}
2026-01-12 10:17:42.839 [info] Installing extension: ms-python.debugpy {"isMachineScoped":false,"installPreReleaseVersion":false,"donotIncludePackAndDependencies":false,"profileLocation":{"$mid":1,"external":"vscode-userdata:/home/procurement-frontend/.vscode/extensions/extensions.json","path":"/home/procurement-frontend/.vscode/extensions/extensions.json","scheme":"vscode-userdata"},"isBuiltin":false,"installGivenVersion":false,"isApplicationScoped":false,"productVersion":{"version":"1.108.0","date":"2026-01-08T13:53:10.781Z"},"pinned":false,"context":{"dependecyOrPackExtensionInstall":true}}
2026-01-12 10:17:44.666 [info] Extension signature verification result for ms-python.debugpy: Success. Internal Code: 0. Executed: true. Duration: 1126ms.
2026-01-12 10:17:44.716 [info] Extension signature verification result for ms-python.vscode-python-envs: Success. Internal Code: 0. Executed: true. Duration: 1184ms.
2026-01-12 10:17:44.726 [info] Extension signature verification result for ms-python.python: Success. Internal Code: 0. Executed: true. Duration: 1157ms.
2026-01-12 10:17:45.248 [info] Extracted extension to file:///home/procurement-frontend/.vscode/extensions/ms-python.vscode-python-envs-1.16.0-linux-x64: ms-python.vscode-python-envs
2026-01-12 10:17:45.264 [info] Renamed to /home/procurement-frontend/.vscode/extensions/ms-python.vscode-python-envs-1.16.0-linux-x64
2026-01-12 10:17:45.671 [info] Extension signature verification result for ms-python.vscode-pylance: Success. Internal Code: 0. Executed: true. Duration: 1317ms.
2026-01-12 10:17:45.677 [info] Extracted extension to file:///home/procurement-frontend/.vscode/extensions/ms-python.debugpy-2025.18.0-linux-x64: ms-python.debugpy
2026-01-12 10:17:45.812 [info] Renamed to /home/procurement-frontend/.vscode/extensions/ms-python.debugpy-2025.18.0-linux-x64
2026-01-12 10:17:47.334 [info] Extracted extension to file:///home/procurement-frontend/.vscode/extensions/ms-python.python-2026.0.0-linux-x64: ms-python.python
2026-01-12 10:17:47.501 [info] Renamed to /home/procurement-frontend/.vscode/extensions/ms-python.python-2026.0.0-linux-x64
2026-01-12 10:17:53.105 [info] Extracted extension to file:///home/procurement-frontend/.vscode/extensions/ms-python.vscode-pylance-2025.10.4: ms-python.vscode-pylance
2026-01-12 10:17:53.585 [info] Renamed to /home/procurement-frontend/.vscode/extensions/ms-python.vscode-pylance-2025.10.4
2026-01-12 10:17:53.614 [info] Extension installed successfully: ms-python.vscode-python-envs vscode-userdata:/home/procurement-frontend/.vscode/extensions/extensions.json
2026-01-12 10:17:53.614 [info] Extension installed successfully: ms-python.debugpy vscode-userdata:/home/procurement-frontend/.vscode/extensions/extensions.json
2026-01-12 10:17:53.614 [info] Extension installed successfully: ms-python.python vscode-userdata:/home/procurement-frontend/.vscode/extensions/extensions.json
2026-01-12 10:17:53.614 [info] Extension installed successfully: ms-python.vscode-pylance vscode-userdata:/home/procurement-frontend/.vscode/extensions/extensions.json
