2026-01-12 10:32:49.881 [info] Reading sessions from keychain...
2026-01-12 10:32:49.881 [info] Getting sessions for all scopes...
2026-01-12 10:32:55.090 [info] Got 0 sessions for ...
2026-01-12 10:32:55.090 [info] Getting sessions for all scopes...
2026-01-12 10:32:55.090 [info] Got 0 sessions for ...
2026-01-12 10:32:55.090 [info] Getting sessions for all scopes...
2026-01-12 10:32:55.090 [info] Got 0 sessions for ...
2026-01-12 10:32:55.090 [info] Getting sessions for all scopes...
2026-01-12 10:32:55.090 [info] Got 0 sessions for ...
2026-01-12 10:32:55.090 [info] Getting sessions for all scopes...
2026-01-12 10:32:55.090 [info] Got 0 sessions for ...
2026-01-12 10:32:55.091 [info] Getting sessions for all scopes...
2026-01-12 10:32:55.091 [info] Got 0 sessions for ...
2026-01-12 10:32:55.091 [info] Getting sessions for all scopes...
2026-01-12 10:32:55.091 [info] Got 0 sessions for ...
2026-01-12 10:32:55.091 [info] Getting sessions for all scopes...
2026-01-12 10:32:55.091 [info] Got 0 sessions for ...
2026-01-12 10:32:55.091 [info] Getting sessions for all scopes...
2026-01-12 10:32:55.091 [info] Got 0 sessions for ...
2026-01-12 10:32:55.091 [info] Getting sessions for all scopes...
2026-01-12 10:32:55.091 [info] Got 0 sessions for ...
2026-01-12 10:32:55.091 [info] Getting sessions for all scopes...
2026-01-12 10:32:55.091 [info] Got 0 sessions for ...
2026-01-12 10:32:55.092 [info] Getting sessions for all scopes...
2026-01-12 10:32:55.092 [info] Got 0 sessions for ...
2026-01-12 10:32:55.092 [info] Getting sessions for all scopes...
2026-01-12 10:32:55.092 [info] Got 0 sessions for ...
2026-01-12 10:32:55.092 [info] Getting sessions for read:user,repo,user:email...
2026-01-12 10:32:55.092 [info] Got 0 sessions for read:user,repo,user:email...
2026-01-12 10:32:55.101 [info] Getting sessions for all scopes...
2026-01-12 10:32:55.101 [info] Got 0 sessions for ...
2026-01-12 10:32:55.103 [info] Getting sessions for all scopes...
2026-01-12 10:32:55.103 [info] Got 0 sessions for ...
2026-01-12 10:32:55.103 [info] Getting sessions for all scopes...
2026-01-12 10:32:55.103 [info] Got 0 sessions for ...
2026-01-12 10:32:55.104 [info] Getting sessions for all scopes...
2026-01-12 10:32:55.104 [info] Got 0 sessions for ...
2026-01-12 10:32:55.104 [info] Getting sessions for all scopes...
2026-01-12 10:32:55.104 [info] Got 0 sessions for ...
2026-01-12 10:32:55.104 [info] Getting sessions for all scopes...
2026-01-12 10:32:55.104 [info] Got 0 sessions for ...
2026-01-12 10:32:55.111 [info] Getting sessions for user:email...
2026-01-12 10:32:55.111 [info] Got 0 sessions for user:email...
2026-01-12 10:32:55.117 [info] Getting sessions for read:user,repo,user:email,workflow...
2026-01-12 10:32:55.117 [info] Got 0 sessions for read:user,repo,user:email,workflow...
2026-01-12 10:32:55.118 [info] Getting sessions for read:user,repo,user:email...
2026-01-12 10:32:55.118 [info] Got 0 sessions for read:user,repo,user:email...
2026-01-12 10:32:55.324 [info] Getting sessions for all scopes...
2026-01-12 10:32:55.324 [info] Got 0 sessions for ...
2026-01-12 10:32:55.326 [info] Getting sessions for user:email...
2026-01-12 10:32:55.326 [info] Got 0 sessions for user:email...
2026-01-12 10:32:55.339 [info] Getting sessions for all scopes...
2026-01-12 10:32:55.339 [info] Got 0 sessions for ...
2026-01-12 10:32:55.340 [info] Getting sessions for all scopes...
2026-01-12 10:32:55.340 [info] Got 0 sessions for ...
2026-01-12 10:32:55.345 [info] Getting sessions for user:email...
2026-01-12 10:32:55.345 [info] Got 0 sessions for user:email...
2026-01-12 10:32:55.346 [info] Getting sessions for read:user,repo,user:email,workflow...
2026-01-12 10:32:55.346 [info] Got 0 sessions for read:user,repo,user:email,workflow...
2026-01-12 10:32:55.420 [info] Getting sessions for all scopes...
2026-01-12 10:32:55.420 [info] Got 0 sessions for ...
2026-01-12 10:32:55.448 [info] Getting sessions for all scopes...
2026-01-12 10:32:55.448 [info] Got 0 sessions for ...
2026-01-12 10:32:55.451 [info] Getting sessions for all scopes...
2026-01-12 10:32:55.451 [info] Got 0 sessions for ...
2026-01-12 10:32:55.455 [info] Getting sessions for user:email...
2026-01-12 10:32:55.455 [info] Got 0 sessions for user:email...
2026-01-12 10:32:56.076 [info] Getting sessions for all scopes...
2026-01-12 10:32:56.076 [info] Got 0 sessions for ...
2026-01-12 10:32:56.084 [info] Getting sessions for read:user,repo,user:email,workflow...
2026-01-12 10:32:56.084 [info] Got 0 sessions for read:user,repo,user:email,workflow...
2026-01-12 10:33:11.023 [info] Logging in with 'any' account...
2026-01-12 10:33:11.023 [info] Logging in for the following scopes: read:user repo user:email workflow
2026-01-12 10:33:11.040 [info] Trying with local server... (read:user repo user:email workflow)
2026-01-12 10:33:57.182 [error] User Cancelled
2026-01-12 10:33:58.880 [info] Trying without local server... (read:user repo user:email workflow)
2026-01-12 10:35:00.412 [info] Exchanging code for token...
2026-01-12 10:35:00.604 [info] Token exchange success!
2026-01-12 10:35:00.606 [info] Getting user info...
2026-01-12 10:35:00.811 [info] Got account info!
2026-01-12 10:35:00.812 [info] Storing 1 sessions...
2026-01-12 10:35:00.815 [info] Reading sessions from keychain...
2026-01-12 10:35:00.815 [info] Stored 1 sessions!
2026-01-12 10:35:00.815 [info] Login success!
2026-01-12 10:35:00.816 [info] Getting sessions for all scopes...
2026-01-12 10:35:00.820 [info] Got stored sessions!
2026-01-12 10:35:00.820 [info] Got 1 verified sessions.
2026-01-12 10:35:00.820 [info] Got 1 sessions for ...
2026-01-12 10:35:00.820 [info] Getting sessions for all scopes...
2026-01-12 10:35:00.820 [info] Got 1 sessions for ...
2026-01-12 10:35:00.822 [info] Getting sessions for all scopes...
2026-01-12 10:35:00.822 [info] Got 1 sessions for ...
2026-01-12 10:35:00.823 [info] Getting sessions for all scopes...
2026-01-12 10:35:00.823 [info] Got 1 sessions for ...
2026-01-12 10:35:00.823 [info] Getting sessions for all scopes...
2026-01-12 10:35:00.824 [info] Got 1 sessions for ...
2026-01-12 10:35:00.825 [info] Getting sessions for read:user,repo,user:email...
2026-01-12 10:35:00.825 [info] Got 0 sessions for read:user,repo,user:email...
2026-01-12 10:35:00.829 [info] Getting sessions for read:user,repo,user:email,workflow...
2026-01-12 10:35:00.829 [info] Got 1 sessions for read:user,repo,user:email,workflow...
2026-01-12 10:35:00.830 [info] Getting sessions for read:user,repo,user:email...
2026-01-12 10:35:00.830 [info] Got 0 sessions for read:user,repo,user:email...
2026-01-12 10:35:00.832 [info] Getting sessions for all scopes...
2026-01-12 10:35:00.832 [info] Got 1 sessions for ...
2026-01-12 10:35:00.838 [info] Getting sessions for read:user,repo,user:email...
2026-01-12 10:35:00.838 [info] Got 0 sessions for read:user,repo,user:email...
2026-01-12 10:35:00.838 [info] Getting sessions for read:user,repo,user:email,workflow...
2026-01-12 10:35:00.839 [info] Got 1 sessions for read:user,repo,user:email,workflow...
2026-01-12 10:35:02.032 [info] Getting sessions for all scopes...
2026-01-12 10:35:02.032 [info] Got 1 sessions for ...
2026-01-12 10:35:02.033 [info] Getting sessions for all scopes...
2026-01-12 10:35:02.033 [info] Got 1 sessions for ...
2026-01-12 10:35:02.040 [info] Getting sessions for read:user,repo,user:email,workflow...
2026-01-12 10:35:02.040 [info] Got 1 sessions for read:user,repo,user:email,workflow...
2026-01-12 10:35:02.209 [info] Getting sessions for all scopes...
2026-01-12 10:35:02.209 [info] Got 1 sessions for ...
2026-01-12 10:35:02.210 [info] Getting sessions for all scopes...
2026-01-12 10:35:02.210 [info] Got 1 sessions for ...
2026-01-12 10:35:02.249 [info] Getting sessions for read:user,repo,user:email,workflow...
2026-01-12 10:35:02.249 [info] Got 1 sessions for read:user,repo,user:email,workflow...
2026-01-12 10:35:02.840 [info] Getting sessions for all scopes...
2026-01-12 10:35:02.840 [info] Got 1 sessions for ...
2026-01-12 10:35:02.843 [info] Getting sessions for read:user,repo,user:email,workflow...
2026-01-12 10:35:02.843 [info] Got 1 sessions for read:user,repo,user:email,workflow...
2026-01-12 10:35:03.176 [info] Getting sessions for all scopes...
2026-01-12 10:35:03.176 [info] Got 1 sessions for ...
2026-01-12 10:35:03.184 [info] Getting sessions for read:user,repo,user:email,workflow...
2026-01-12 10:35:03.184 [info] Got 1 sessions for read:user,repo,user:email,workflow...
2026-01-12 10:35:03.764 [info] Getting sessions for all scopes...
2026-01-12 10:35:03.764 [info] Got 1 sessions for ...
2026-01-12 10:35:03.764 [info] Getting sessions for all scopes...
2026-01-12 10:35:03.764 [info] Got 1 sessions for ...
2026-01-12 10:35:03.765 [info] Getting sessions for all scopes...
2026-01-12 10:35:03.765 [info] Got 1 sessions for ...
2026-01-12 10:35:03.765 [info] Getting sessions for all scopes...
2026-01-12 10:35:03.765 [info] Got 1 sessions for ...
2026-01-12 10:35:03.765 [info] Getting sessions for all scopes...
2026-01-12 10:35:03.765 [info] Got 1 sessions for ...
2026-01-12 10:35:03.765 [info] Getting sessions for all scopes...
2026-01-12 10:35:03.765 [info] Got 1 sessions for ...
2026-01-12 10:35:03.765 [info] Getting sessions for all scopes...
2026-01-12 10:35:03.765 [info] Got 1 sessions for ...
2026-01-12 10:35:03.766 [info] Getting sessions for all scopes...
2026-01-12 10:35:03.766 [info] Got 1 sessions for ...
2026-01-12 10:35:03.766 [info] Getting sessions for all scopes...
2026-01-12 10:35:03.766 [info] Got 1 sessions for ...
2026-01-12 10:35:03.766 [info] Getting sessions for all scopes...
2026-01-12 10:35:03.766 [info] Got 1 sessions for ...
2026-01-12 10:35:03.766 [info] Getting sessions for all scopes...
2026-01-12 10:35:03.766 [info] Got 1 sessions for ...
2026-01-12 10:35:03.769 [info] Getting sessions for read:user,repo,user:email,workflow...
2026-01-12 10:35:03.769 [info] Got 1 sessions for read:user,repo,user:email,workflow...
2026-01-12 10:35:35.421 [info] Getting sessions for all scopes...
2026-01-12 10:35:35.421 [info] Got 1 sessions for ...
2026-01-12 10:35:35.424 [info] Getting sessions for read:user,repo,user:email,workflow...
2026-01-12 10:35:35.424 [info] Got 1 sessions for read:user,repo,user:email,workflow...
2026-01-12 10:35:36.236 [info] Getting sessions for all scopes...
2026-01-12 10:35:36.236 [info] Got 1 sessions for ...
2026-01-12 10:35:36.238 [info] Getting sessions for read:user,repo,user:email,workflow...
2026-01-12 10:35:36.238 [info] Got 1 sessions for read:user,repo,user:email,workflow...
2026-01-12 10:35:50.632 [info] Getting sessions for all scopes...
2026-01-12 10:35:50.632 [info] Got 1 sessions for ...
2026-01-12 10:35:50.634 [info] Getting sessions for read:user,repo,user:email,workflow...
2026-01-12 10:35:50.634 [info] Got 1 sessions for read:user,repo,user:email,workflow...
2026-01-12 10:41:03.179 [info] Getting sessions for all scopes...
2026-01-12 10:41:03.179 [info] Got 1 sessions for ...
2026-01-12 10:41:03.183 [info] Getting sessions for read:user,repo,user:email,workflow...
2026-01-12 10:41:03.183 [info] Got 1 sessions for read:user,repo,user:email,workflow...
