2026-01-12 10:35:58.783 [info] RunInTerminalTool: Command rewritten by J0t: Prepended with a space to exclude from shell history []
2026-01-12 10:35:58.953 [info] RunInTerminalTool#CommandLineFileWriteAnalyzer: File writes detected [[]]
2026-01-12 10:35:58.954 [info] RunInTerminalTool#CommandLineAutoApproveAnalyzer: Parsed sub-commands via bash grammar [["gh auth login"]]
2026-01-12 10:35:58.956 [info] RunInTerminalTool#CommandLineAutoApproveAnalyzer: All sub-commands NOT auto-approved [null]
2026-01-12 10:35:58.956 [info] RunInTerminalTool#CommandLineAutoApproveAnalyzer: Command line NOT auto-approved [null]
2026-01-12 10:35:58.956 [info] RunInTerminalTool#CommandLineAutoApproveAnalyzer: - Command 'gh auth login' has no matching auto approve entries [null]
2026-01-12 10:35:58.956 [info] RunInTerminalTool#CommandLineAutoApproveAnalyzer: - Command line 'gh auth login' has no matching auto approve entries [null]
2026-01-12 10:36:08.864 [info] ToolTerminalCreator#createTerminal: Waiting 4999ms for shell integration []
2026-01-12 10:36:09.354 [info] ToolTerminalCreator#_waitForShellIntegration: Rich SI available eventually []
2026-01-12 10:36:09.354 [info] ToolTerminalCreator#_waitForShellIntegration: Promise complete, disposing store []
2026-01-12 10:36:09.355 [info] ToolTerminalCreator#createTerminal: Waiting up to 2s for PromptInputModel state to change []
2026-01-12 10:37:58.554 [info] RunInTerminalTool: Command rewritten by J0t: Prepended with a space to exclude from shell history []
2026-01-12 10:37:58.581 [info] RunInTerminalTool#CommandLineFileWriteAnalyzer: File writes detected [[]]
2026-01-12 10:37:58.581 [info] RunInTerminalTool#CommandLineAutoApproveAnalyzer: Parsed sub-commands via bash grammar [["gh auth login"]]
2026-01-12 10:37:58.582 [info] RunInTerminalTool#CommandLineAutoApproveAnalyzer: All sub-commands NOT auto-approved [null]
2026-01-12 10:37:58.583 [info] RunInTerminalTool#CommandLineAutoApproveAnalyzer: Command line NOT auto-approved [null]
2026-01-12 10:37:58.583 [info] RunInTerminalTool#CommandLineAutoApproveAnalyzer: - Command 'gh auth login' has no matching auto approve entries [null]
2026-01-12 10:37:58.584 [info] RunInTerminalTool#CommandLineAutoApproveAnalyzer: - Command line 'gh auth login' has no matching auto approve entries [null]
2026-01-12 10:41:08.290 [info] RunInTerminalTool: Command rewritten by J0t: Prepended with a space to exclude from shell history []
2026-01-12 10:41:08.313 [info] RunInTerminalTool#CommandLineFileWriteAnalyzer: File writes detected [[]]
2026-01-12 10:41:08.313 [info] RunInTerminalTool#CommandLineAutoApproveAnalyzer: Parsed sub-commands via bash grammar [["gh repo list защита --limit 100"]]
2026-01-12 10:41:08.316 [info] RunInTerminalTool#CommandLineAutoApproveAnalyzer: All sub-commands NOT auto-approved [null]
2026-01-12 10:41:08.316 [info] RunInTerminalTool#CommandLineAutoApproveAnalyzer: Command line NOT auto-approved [null]
2026-01-12 10:41:08.316 [info] RunInTerminalTool#CommandLineAutoApproveAnalyzer: - Command 'gh repo list защита --limit 100' has no matching auto approve entries [null]
2026-01-12 10:41:08.316 [info] RunInTerminalTool#CommandLineAutoApproveAnalyzer: - Command line 'gh repo list защита --limit 100' has no matching auto approve entries [null]
2026-01-12 10:41:21.064 [info] RunInTerminalTool: Command rewritten by J0t: Prepended with a space to exclude from shell history []
2026-01-12 10:41:21.065 [info] RunInTerminalTool#CommandLineAutoApproveAnalyzer: Session has auto approval enabled, auto approving command [null]
2026-01-12 10:41:21.084 [info] RunInTerminalTool#CommandLineFileWriteAnalyzer: File writes detected [[]]
2026-01-12 10:41:58.521 [info] RunInTerminalTool: Command rewritten by J0t: Prepended with a space to exclude from shell history []
2026-01-12 10:41:58.521 [info] RunInTerminalTool#CommandLineAutoApproveAnalyzer: Session has auto approval enabled, auto approving command [null]
2026-01-12 10:41:58.533 [info] RunInTerminalTool#CommandLineFileWriteAnalyzer: File writes detected [[]]
2026-01-12 10:42:02.774 [info] RunInTerminalTool: Command rewritten by Gfn: Removed redundant cd command []
2026-01-12 10:42:02.774 [info] RunInTerminalTool: Command rewritten by J0t: Prepended with a space to exclude from shell history []
2026-01-12 10:42:02.774 [info] RunInTerminalTool#CommandLineAutoApproveAnalyzer: Session has auto approval enabled, auto approving command [null]
2026-01-12 10:42:02.789 [info] RunInTerminalTool#CommandLineFileWriteAnalyzer: File writes detected [[]]
